Norm of error 3.06671e-15 iterations 10
Norm of error 7.75708e-05 iterations 23
Norm of error 0.000533504 iterations 59
Norm of error 0.00210212 iterations 128
Norm of error 0.00667173 iterations 513
Norm of error 0.0129335 iterations 2271
3
Flops/sec:            5.631e+04      0.00000   1.310e+04  3.353e+06

3353000.0
4
Flops/sec:            1.641e+05      1.15438   1.609e+05  4.120e+07

41200000.0
5
Flops/sec:            1.637e+06      1.06950   1.626e+06  4.162e+08

416200000.0
6
Flops/sec:            9.195e+06      1.05093   9.118e+06  2.334e+09

2334000000.0
7
Flops/sec:            4.534e+07      1.03276   4.510e+07  1.155e+10

11550000000.0
8
Flops/sec:            1.709e+08      1.02751   1.708e+08  4.373e+10

43730000000.0
[3353000.0, 41200000.0, 416200000.0, 2334000000.0, 11550000000.0, 43730000000.0]
