  Loading intel/17 from: /cm/shared/apps/intel/compilers_and_libraries_2017.4.196/linux
  Loading openmpi/2.0.2 from: /opt/sw/x86_64/glibc-2.17/ivybridge-ep/openmpi/2.0.2/intel/17
  Loading python/3.4.2.old
srun: Job step aborted: Waiting up to 32 seconds for job step to finish.
000: slurmstepd: error: *** STEP 5539771.0 ON n03-036 CANCELLED AT 2017-08-27T13:08:35 DUE TO TIME LIMIT ***
slurmstepd: error: *** JOB 5539771 ON n03-036 CANCELLED AT 2017-08-27T13:08:35 DUE TO TIME LIMIT ***
srun: got SIGCONT
srun: forcing job termination
srun: error: n06-075: tasks 52-55: Terminated
srun: error: n15-022: tasks 264-267: Terminated
srun: error: n10-077: tasks 224-227: Terminated
srun: error: n06-015: tasks 32-35: Terminated
srun: error: n03-036: tasks 0-3: Terminated
srun: error: n17-024: tasks 364-367: Terminated
srun: error: n17-012: tasks 340-343: Terminated
srun: error: n04-056: tasks 8-11: Terminated
srun: error: n10-017: tasks 204-207: Terminated
srun: error: n12-080: tasks 248-251: Terminated
srun: error: n17-001: tasks 320-323: Terminated
srun: error: n12-042: tasks 240-243: Terminated
srun: error: n16-042: tasks 272-275: Terminated
srun: error: n08-036: tasks 132-135: Terminated
srun: error: n10-071: tasks 216-219: Terminated
srun: error: n20-070: tasks 376-379: Terminated
srun: error: n16-087: tasks 300-303: Terminated
srun: error: n17-017: tasks 352-355: Terminated
srun: error: n06-005: tasks 12-15: Terminated
srun: error: n13-073: tasks 252-255: Terminated
srun: error: n20-060: tasks 372-375: Terminated
srun: error: n20-075: tasks 380-383: Terminated
srun: error: n06-013: tasks 28-31: Terminated
srun: error: n06-077: tasks 56-59: Terminated
srun: error: n09-041: tasks 184-187: Terminated
srun: error: n06-006: tasks 16-19: Terminated
srun: error: n06-016: tasks 36-39: Terminated
srun: error: n07-034: tasks 84-87: Terminated
srun: error: n08-055: tasks 144-147: Terminated
srun: error: n06-010: tasks 24-27: Terminated
srun: error: n04-055: tasks 4-7: Terminated
srun: error: n07-086: tasks 104-107: Terminated
srun: error: n09-043: tasks 188-191: Terminated
srun: error: n16-086: tasks 296-299: Terminated
srun: error: n16-096: tasks 316-319: Terminated
srun: error: n06-020: tasks 48-51: Terminated
srun: error: n17-004: tasks 324-327: Terminated
srun: error: n14-062: tasks 256-259: Terminated
srun: error: n11-018: tasks 228-231: Terminated
srun: error: n16-044: tasks 280-283: Terminated
srun: error: n07-056: tasks 92-95: Terminated
srun: error: n17-008: tasks 336-339: Terminated
srun: error: n10-050: tasks 212-215: Terminated
srun: error: n10-016: tasks 200-203: Terminated
srun: error: n09-018: tasks 172-175: Terminated
srun: error: n11-024: tasks 232-235: Terminated
srun: error: n06-007: tasks 20-23: Terminated
srun: error: n10-049: tasks 208-211: Terminated
srun: error: n10-072: tasks 220-223: Terminated
srun: error: n08-002: tasks 128-131: Terminated
srun: error: n17-006: tasks 332-335: Terminated
srun: error: n17-025: tasks 368-371: Terminated
srun: error: n06-085: tasks 60-63: Terminated
srun: error: n17-013: tasks 344-347: Terminated
srun: error: n06-019: tasks 44-47: Terminated
srun: error: n07-033: tasks 80-83: Terminated
srun: error: n12-077: tasks 244-247: Terminated
srun: error: n07-096: tasks 120-123: Terminated
srun: error: n07-095: tasks 116-119: Terminated
srun: error: n08-051: tasks 136-139: Terminated
srun: error: n08-001: tasks 124-127: Terminated
srun: error: n06-091: tasks 72-75: Terminated
srun: error: n16-085: tasks 292-295: Terminated
srun: error: n07-043: tasks 88-91: Terminated
srun: error: n07-079: tasks 100-103: Terminated
srun: error: n06-086: tasks 64-67: Terminated
srun: error: n08-085: tasks 156-159: Terminated
srun: error: n17-005: tasks 328-331: Terminated
srun: error: n09-046: tasks 196-199: Terminated
srun: error: n07-058: tasks 96-99: Terminated
srun: error: n06-087: tasks 68-71: Terminated
srun: error: n08-094: tasks 160-163: Terminated
srun: error: n16-076: tasks 284-287: Terminated
srun: error: n16-095: tasks 312-315: Terminated
srun: error: n17-014: tasks 348-351: Terminated
srun: error: n16-077: tasks 288-291: Terminated
srun: error: n16-094: tasks 308-311: Terminated
srun: error: n09-011: tasks 168-171: Terminated
srun: error: n07-093: tasks 108-111: Terminated
srun: error: n09-045: tasks 192-195: Terminated
srun: error: n07-025: tasks 76-79: Terminated
srun: error: n07-094: tasks 112-115: Terminated
srun: error: n09-020: tasks 180-183: Terminated
srun: error: n08-069: tasks 152-155: Terminated
srun: error: n08-052: tasks 140-143: Terminated
srun: error: n06-017: tasks 40-43: Terminated
srun: error: n15-051: tasks 268-271: Terminated
srun: error: n09-019: tasks 176-179: Terminated
srun: error: n08-064: tasks 148-151: Terminated
srun: error: n17-019: tasks 360-363: Terminated
srun: error: n11-059: tasks 236-239: Terminated
srun: error: n16-088: tasks 304-307: Terminated
srun: error: n17-018: tasks 356-359: Terminated
srun: error: n09-009: tasks 164-167: Terminated
srun: error: n15-021: tasks 260-263: Terminated
srun: error: n16-043: tasks 276-279: Terminated
