  Loading intel/17 from: /cm/shared/apps/intel/compilers_and_libraries_2017.4.196/linux
  Loading openmpi/2.0.2 from: /opt/sw/x86_64/glibc-2.17/ivybridge-ep/openmpi/2.0.2/intel/17
  Loading python/3.4.2.old
srun: error: Task launch for 5539772.0 failed on node n09-045: Socket timed out on send/recv operation
srun: error: Application launch failed: Socket timed out on send/recv operation
srun: Job step aborted: Waiting up to 32 seconds for job step to finish.
000: slurmstepd: error: *** STEP 5539772.0 ON n01-041 CANCELLED AT 2017-08-27T13:11:14 ***
srun: error: n12-077: tasks 272-275: Killed
srun: error: n01-041: tasks 0-3: Killed
srun: error: n04-055: tasks 16-19: Killed
srun: error: n16-094: tasks 340-343: Killed
srun: error: n06-013: tasks 40-43: Killed
srun: error: n06-006: tasks 28-31: Killed
srun: error: n20-070: tasks 408-411: Killed
srun: error: n16-076: tasks 316-319: Killed
srun: error: n06-007: tasks 32-35: Killed
srun: error: n06-005: tasks 24-27: Killed
srun: error: n06-017: tasks 52-55: Killed
srun: error: n16-095: tasks 344-347: Killed
srun: error: n06-020: tasks 60-63: Killed
srun: error: n20-075: tasks 412-415: Killed
srun: error: n16-043: tasks 308-311: Killed
srun: error: n15-051: tasks 300-303: Killed
srun: error: n09-019: tasks 208-211: Killed
srun: error: n15-022: tasks 296-299: Killed
srun: error: n06-016: tasks 48-51: Killed
srun: error: n09-043: tasks 220-223: Killed
srun: error: n06-015: tasks 44-47: Killed
srun: error: n06-077: tasks 84-87: Killed
srun: error: n13-073: tasks 280-283: Killed
srun: error: n01-092: tasks 8-11: Killed
srun: error: n10-050: tasks 240-243: Killed
srun: error: n01-042: tasks 4-7: Killed
srun: error: n17-019: tasks 392-395: Killed
srun: error: n10-016: tasks 228-231: Killed
srun: error: n10-017: tasks 232-235: Killed
srun: error: n06-075: tasks 80-83: Killed
srun: error: n16-085: tasks 324-327: Killed
srun: error: n06-038: tasks 76-79: Killed
srun: error: n06-019: tasks 56-59: Killed
srun: error: n17-017: tasks 384-387: Killed
srun: error: n17-001: tasks 352-355: Killed
srun: error: n11-024: tasks 260-263: Killed
srun: error: n09-041: tasks 216-219: Killed
srun: error: n17-018: tasks 388-391: Killed
srun: error: n10-072: tasks 248-251: Killed
srun: error: n11-059: tasks 264-267: Killed
srun: error: n06-085: tasks 88-91: Killed
srun: error: n17-008: tasks 368-371: Killed
srun: error: n10-077: tasks 252-255: Killed
srun: error: n15-021: tasks 292-295: Killed
srun: error: n06-030: tasks 68-71: Killed
srun: error: n03-036: tasks 12-15: Killed
srun: error: n10-071: tasks 244-247: Killed
srun: error: n16-087: tasks 332-335: Killed
srun: error: n16-088: tasks 336-339: Killed
srun: error: n17-013: tasks 376-379: Killed
srun: error: n13-086: tasks 284-287: Killed
srun: error: n16-044: tasks 312-315: Killed
srun: error: n16-042: tasks 304-307: Killed
srun: error: n17-004: tasks 356-359: Killed
srun: error: n14-062: tasks 288-291: Killed
srun: error: n17-025: tasks 400-403: Killed
srun: error: n20-060: tasks 404-407: Killed
srun: error: n06-087: tasks 96-99: Killed
srun: error: n12-042: tasks 268-271: Killed
srun: error: n16-077: tasks 320-323: Killed
srun: error: n12-080: tasks 276-279: Killed
srun: error: n16-086: tasks 328-331: Killed
srun: error: n08-047: tasks 164-167: Killed
srun: error: n06-037: tasks 72-75: Killed
srun: error: n07-034: tasks 112-115: Killed
srun: error: n04-056: tasks 20-23: Killed
srun: error: n16-096: tasks 348-351: Killed
srun: error: n07-093: tasks 136-139: Killed
srun: error: n09-020: tasks 212-215: Killed
srun: error: n17-005: tasks 360-363: Killed
srun: error: n07-096: tasks 148-151: Killed
srun: error: n17-014: tasks 380-383: Killed
srun: error: n09-018: tasks 204-207: Killed
srun: error: n08-052: tasks 172-175: Killed
srun: error: n07-094: tasks 140-143: Killed
srun: error: n08-051: tasks 168-171: Killed
srun: error: n08-036: tasks 160-163: Killed
srun: error: n08-001: tasks 152-155: Killed
srun: error: n17-012: tasks 372-375: Killed
srun: error: n09-009: tasks 196-199: Killed
srun: error: n07-025: tasks 104-107: Killed
srun: error: n07-095: tasks 144-147: Killed
srun: error: n07-058: tasks 124-127: Killed
srun: error: n06-086: tasks 92-95: Killed
srun: error: n06-010: tasks 36-39: Killed
srun: error: n06-091: tasks 100-103: Killed
srun: error: n07-043: tasks 116-119: Killed
srun: error: n07-033: tasks 108-111: Killed
srun: error: n06-028: tasks 64-67: Killed
srun: error: n10-049: tasks 236-239: Killed
srun: error: n17-024: tasks 396-399: Killed
srun: error: n11-018: tasks 256-259: Killed
srun: error: n07-079: tasks 128-131: Killed
srun: error: n08-002: tasks 156-159: Killed
srun: error: n08-069: tasks 184-187: Killed
srun: error: n09-011: tasks 200-203: Killed
srun: error: n08-064: tasks 180-183: Killed
srun: error: n17-006: tasks 364-367: Killed
srun: error: n08-085: tasks 188-191: Killed
srun: error: n07-056: tasks 120-123: Killed
srun: error: n08-055: tasks 176-179: Killed
srun: error: n07-086: tasks 132-135: Killed
srun: error: n08-094: tasks 192-195: Killed
srun: error: Timed out waiting for job step to complete
